/*C10*/SET SCHEMA PUBLIC
DISCONNECT
/*C1*/SET SCHEMA SYSTEM_LOBS
INSERT INTO LOB_IDS VALUES(223,173940,0,40)
ALTER SEQUENCE SYSTEM_LOBS.LOB_ID RESTART WITH 224
COMMIT
DELETE FROM BLOCKS WHERE BLOCK_ADDR=2570
INSERT INTO BLOCKS VALUES(2570,11,0)
INSERT INTO BLOCKS VALUES(2581,2147481066,0)
DELETE FROM BLOCKS WHERE BLOCK_ADDR=2570
INSERT INTO LOBS VALUES(2570,11,0,223)
COMMIT
INSERT INTO LOB_IDS VALUES(224,206249,0,40)
ALTER SEQUENCE SYSTEM_LOBS.LOB_ID RESTART WITH 225
COMMIT
DELETE FROM BLOCKS WHERE BLOCK_ADDR=2581
INSERT INTO BLOCKS VALUES(2581,13,0)
INSERT INTO BLOCKS VALUES(2594,2147481053,0)
DELETE FROM BLOCKS WHERE BLOCK_ADDR=2581
INSERT INTO LOBS VALUES(2581,13,0,224)
COMMIT
/*C11*/SET SCHEMA EBIUTIL
DELETE FROM RELEASE_INFO_FILE_MAP WHERE RELEASE_ID='128.3.000-INT' AND ENGLISH_FILE=221 AND SPANISH_FILE=222 AND UPDATED_TIME='2017-12-04 16:08:09.924000-6:00' AND UPDATED_BY='ebiadmin1'
INSERT INTO RELEASE_INFO_FILE_MAP VALUES('128.3.000-INT',223,224,'2017-12-11 12:33:06.729000-6:00','ebiadmin1')
SET SCHEMA SYSTEM_LOBS
DELETE FROM LOB_IDS WHERE LOB_ID=221
INSERT INTO LOB_IDS VALUES(221,174055,0,40)
DELETE FROM LOB_IDS WHERE LOB_ID=222
INSERT INTO LOB_IDS VALUES(222,206364,0,40)
DELETE FROM LOB_IDS WHERE LOB_ID=223
INSERT INTO LOB_IDS VALUES(223,173940,1,40)
DELETE FROM LOB_IDS WHERE LOB_ID=224
INSERT INTO LOB_IDS VALUES(224,206249,1,40)
COMMIT
